running egg_info
creating build/shreyas_5_0_chat_package/shreyas_5_0_chat_package.egg-info
writing build/shreyas_5_0_chat_package/shreyas_5_0_chat_package.egg-info/PKG-INFO
writing dependency_links to build/shreyas_5_0_chat_package/shreyas_5_0_chat_package.egg-info/dependency_links.txt
writing entry points to build/shreyas_5_0_chat_package/shreyas_5_0_chat_package.egg-info/entry_points.txt
writing requirements to build/shreyas_5_0_chat_package/shreyas_5_0_chat_package.egg-info/requires.txt
writing top-level names to build/shreyas_5_0_chat_package/shreyas_5_0_chat_package.egg-info/top_level.txt
writing manifest file 'build/shreyas_5_0_chat_package/shreyas_5_0_chat_package.egg-info/SOURCES.txt'
reading manifest file 'build/shreyas_5_0_chat_package/shreyas_5_0_chat_package.egg-info/SOURCES.txt'
writing manifest file 'build/shreyas_5_0_chat_package/shreyas_5_0_chat_package.egg-info/SOURCES.txt'
running build
running build_py
creating /home/shreyas/Desktop/Prograz/Ros2_WrkSpace/src/shreyas_5_0_chat_package/build/shreyas_5_0_chat_package/build
creating /home/shreyas/Desktop/Prograz/Ros2_WrkSpace/src/shreyas_5_0_chat_package/build/shreyas_5_0_chat_package/build/lib
creating /home/shreyas/Desktop/Prograz/Ros2_WrkSpace/src/shreyas_5_0_chat_package/build/shreyas_5_0_chat_package/build/lib/shreyas_5_0_chat_package
copying shreyas_5_0_chat_package/__init__.py -> /home/shreyas/Desktop/Prograz/Ros2_WrkSpace/src/shreyas_5_0_chat_package/build/shreyas_5_0_chat_package/build/lib/shreyas_5_0_chat_package
copying shreyas_5_0_chat_package/chat_publisher.py -> /home/shreyas/Desktop/Prograz/Ros2_WrkSpace/src/shreyas_5_0_chat_package/build/shreyas_5_0_chat_package/build/lib/shreyas_5_0_chat_package
copying shreyas_5_0_chat_package/chat_subscriber.py -> /home/shreyas/Desktop/Prograz/Ros2_WrkSpace/src/shreyas_5_0_chat_package/build/shreyas_5_0_chat_package/build/lib/shreyas_5_0_chat_package
running install
running install_lib
creating /home/shreyas/Desktop/Prograz/Ros2_WrkSpace/src/shreyas_5_0_chat_package/install/shreyas_5_0_chat_package/lib/python3.10/site-packages/shreyas_5_0_chat_package
copying /home/shreyas/Desktop/Prograz/Ros2_WrkSpace/src/shreyas_5_0_chat_package/build/shreyas_5_0_chat_package/build/lib/shreyas_5_0_chat_package/__init__.py -> /home/shreyas/Desktop/Prograz/Ros2_WrkSpace/src/shreyas_5_0_chat_package/install/shreyas_5_0_chat_package/lib/python3.10/site-packages/shreyas_5_0_chat_package
copying /home/shreyas/Desktop/Prograz/Ros2_WrkSpace/src/shreyas_5_0_chat_package/build/shreyas_5_0_chat_package/build/lib/shreyas_5_0_chat_package/chat_publisher.py -> /home/shreyas/Desktop/Prograz/Ros2_WrkSpace/src/shreyas_5_0_chat_package/install/shreyas_5_0_chat_package/lib/python3.10/site-packages/shreyas_5_0_chat_package
copying /home/shreyas/Desktop/Prograz/Ros2_WrkSpace/src/shreyas_5_0_chat_package/build/shreyas_5_0_chat_package/build/lib/shreyas_5_0_chat_package/chat_subscriber.py -> /home/shreyas/Desktop/Prograz/Ros2_WrkSpace/src/shreyas_5_0_chat_package/install/shreyas_5_0_chat_package/lib/python3.10/site-packages/shreyas_5_0_chat_package
byte-compiling /home/shreyas/Desktop/Prograz/Ros2_WrkSpace/src/shreyas_5_0_chat_package/install/shreyas_5_0_chat_package/lib/python3.10/site-packages/shreyas_5_0_chat_package/__init__.py to __init__.cpython-310.pyc
byte-compiling /home/shreyas/Desktop/Prograz/Ros2_WrkSpace/src/shreyas_5_0_chat_package/install/shreyas_5_0_chat_package/lib/python3.10/site-packages/shreyas_5_0_chat_package/chat_publisher.py to chat_publisher.cpython-310.pyc
byte-compiling /home/shreyas/Desktop/Prograz/Ros2_WrkSpace/src/shreyas_5_0_chat_package/install/shreyas_5_0_chat_package/lib/python3.10/site-packages/shreyas_5_0_chat_package/chat_subscriber.py to chat_subscriber.cpython-310.pyc
running install_data
creating /home/shreyas/Desktop/Prograz/Ros2_WrkSpace/src/shreyas_5_0_chat_package/install/shreyas_5_0_chat_package/share/ament_index
creating /home/shreyas/Desktop/Prograz/Ros2_WrkSpace/src/shreyas_5_0_chat_package/install/shreyas_5_0_chat_package/share/ament_index/resource_index
creating /home/shreyas/Desktop/Prograz/Ros2_WrkSpace/src/shreyas_5_0_chat_package/install/shreyas_5_0_chat_package/share/ament_index/resource_index/packages
copying resource/shreyas_5_0_chat_package -> /home/shreyas/Desktop/Prograz/Ros2_WrkSpace/src/shreyas_5_0_chat_package/install/shreyas_5_0_chat_package/share/ament_index/resource_index/packages
copying package.xml -> /home/shreyas/Desktop/Prograz/Ros2_WrkSpace/src/shreyas_5_0_chat_package/install/shreyas_5_0_chat_package/share/shreyas_5_0_chat_package
running install_egg_info
Copying build/shreyas_5_0_chat_package/shreyas_5_0_chat_package.egg-info to /home/shreyas/Desktop/Prograz/Ros2_WrkSpace/src/shreyas_5_0_chat_package/install/shreyas_5_0_chat_package/lib/python3.10/site-packages/shreyas_5_0_chat_package-0.0.0-py3.10.egg-info
running install_scripts
Installing chat_publisher script to /home/shreyas/Desktop/Prograz/Ros2_WrkSpace/src/shreyas_5_0_chat_package/install/shreyas_5_0_chat_package/lib/shreyas_5_0_chat_package
Installing chat_subscriber script to /home/shreyas/Desktop/Prograz/Ros2_WrkSpace/src/shreyas_5_0_chat_package/install/shreyas_5_0_chat_package/lib/shreyas_5_0_chat_package
writing list of installed files to '/home/shreyas/Desktop/Prograz/Ros2_WrkSpace/src/shreyas_5_0_chat_package/build/shreyas_5_0_chat_package/install.log'
