[0.948s] Invoking command in '/home/shreyas/Desktop/Prograz/Ros2_WrkSpace/src/shreyas_5_0_chat_package': PYTHONPATH=/home/shreyas/Desktop/Prograz/Ros2_WrkSpace/src/shreyas_5_0_chat_package/build/shreyas_5_0_chat_package/prefix_override:/usr/lib/python3/dist-packages/colcon_core/task/python/colcon_distutils_commands:/home/shreyas/Desktop/Prograz/Ros2_WrkSpace/src/shreyas_5_0_chat_package/install/shreyas_5_0_chat_package/lib/python3.10/site-packages:${PYTHONPATH} /usr/bin/python3 -W ignore:setup.py install is deprecated -W ignore:easy_install command is deprecated setup.py egg_info --egg-base build/shreyas_5_0_chat_package build --build-base /home/shreyas/Desktop/Prograz/Ros2_WrkSpace/src/shreyas_5_0_chat_package/build/shreyas_5_0_chat_package/build install --record /home/shreyas/Desktop/Prograz/Ros2_WrkSpace/src/shreyas_5_0_chat_package/build/shreyas_5_0_chat_package/install.log --single-version-externally-managed install_data
[1.266s] running egg_info
[1.266s] creating build/shreyas_5_0_chat_package/shreyas_5_0_chat_package.egg-info
[1.267s] writing build/shreyas_5_0_chat_package/shreyas_5_0_chat_package.egg-info/PKG-INFO
[1.267s] writing dependency_links to build/shreyas_5_0_chat_package/shreyas_5_0_chat_package.egg-info/dependency_links.txt
[1.267s] writing entry points to build/shreyas_5_0_chat_package/shreyas_5_0_chat_package.egg-info/entry_points.txt
[1.267s] writing requirements to build/shreyas_5_0_chat_package/shreyas_5_0_chat_package.egg-info/requires.txt
[1.267s] writing top-level names to build/shreyas_5_0_chat_package/shreyas_5_0_chat_package.egg-info/top_level.txt
[1.268s] writing manifest file 'build/shreyas_5_0_chat_package/shreyas_5_0_chat_package.egg-info/SOURCES.txt'
[1.270s] reading manifest file 'build/shreyas_5_0_chat_package/shreyas_5_0_chat_package.egg-info/SOURCES.txt'
[1.271s] writing manifest file 'build/shreyas_5_0_chat_package/shreyas_5_0_chat_package.egg-info/SOURCES.txt'
[1.271s] running build
[1.271s] running build_py
[1.271s] creating /home/shreyas/Desktop/Prograz/Ros2_WrkSpace/src/shreyas_5_0_chat_package/build/shreyas_5_0_chat_package/build
[1.272s] creating /home/shreyas/Desktop/Prograz/Ros2_WrkSpace/src/shreyas_5_0_chat_package/build/shreyas_5_0_chat_package/build/lib
[1.272s] creating /home/shreyas/Desktop/Prograz/Ros2_WrkSpace/src/shreyas_5_0_chat_package/build/shreyas_5_0_chat_package/build/lib/shreyas_5_0_chat_package
[1.272s] copying shreyas_5_0_chat_package/__init__.py -> /home/shreyas/Desktop/Prograz/Ros2_WrkSpace/src/shreyas_5_0_chat_package/build/shreyas_5_0_chat_package/build/lib/shreyas_5_0_chat_package
[1.272s] copying shreyas_5_0_chat_package/chat_publisher.py -> /home/shreyas/Desktop/Prograz/Ros2_WrkSpace/src/shreyas_5_0_chat_package/build/shreyas_5_0_chat_package/build/lib/shreyas_5_0_chat_package
[1.272s] copying shreyas_5_0_chat_package/chat_subscriber.py -> /home/shreyas/Desktop/Prograz/Ros2_WrkSpace/src/shreyas_5_0_chat_package/build/shreyas_5_0_chat_package/build/lib/shreyas_5_0_chat_package
[1.272s] running install
[1.272s] running install_lib
[1.273s] creating /home/shreyas/Desktop/Prograz/Ros2_WrkSpace/src/shreyas_5_0_chat_package/install/shreyas_5_0_chat_package/lib/python3.10/site-packages/shreyas_5_0_chat_package
[1.273s] copying /home/shreyas/Desktop/Prograz/Ros2_WrkSpace/src/shreyas_5_0_chat_package/build/shreyas_5_0_chat_package/build/lib/shreyas_5_0_chat_package/__init__.py -> /home/shreyas/Desktop/Prograz/Ros2_WrkSpace/src/shreyas_5_0_chat_package/install/shreyas_5_0_chat_package/lib/python3.10/site-packages/shreyas_5_0_chat_package
[1.273s] copying /home/shreyas/Desktop/Prograz/Ros2_WrkSpace/src/shreyas_5_0_chat_package/build/shreyas_5_0_chat_package/build/lib/shreyas_5_0_chat_package/chat_publisher.py -> /home/shreyas/Desktop/Prograz/Ros2_WrkSpace/src/shreyas_5_0_chat_package/install/shreyas_5_0_chat_package/lib/python3.10/site-packages/shreyas_5_0_chat_package
[1.273s] copying /home/shreyas/Desktop/Prograz/Ros2_WrkSpace/src/shreyas_5_0_chat_package/build/shreyas_5_0_chat_package/build/lib/shreyas_5_0_chat_package/chat_subscriber.py -> /home/shreyas/Desktop/Prograz/Ros2_WrkSpace/src/shreyas_5_0_chat_package/install/shreyas_5_0_chat_package/lib/python3.10/site-packages/shreyas_5_0_chat_package
[1.274s] byte-compiling /home/shreyas/Desktop/Prograz/Ros2_WrkSpace/src/shreyas_5_0_chat_package/install/shreyas_5_0_chat_package/lib/python3.10/site-packages/shreyas_5_0_chat_package/__init__.py to __init__.cpython-310.pyc
[1.275s] byte-compiling /home/shreyas/Desktop/Prograz/Ros2_WrkSpace/src/shreyas_5_0_chat_package/install/shreyas_5_0_chat_package/lib/python3.10/site-packages/shreyas_5_0_chat_package/chat_publisher.py to chat_publisher.cpython-310.pyc
[1.275s] byte-compiling /home/shreyas/Desktop/Prograz/Ros2_WrkSpace/src/shreyas_5_0_chat_package/install/shreyas_5_0_chat_package/lib/python3.10/site-packages/shreyas_5_0_chat_package/chat_subscriber.py to chat_subscriber.cpython-310.pyc
[1.276s] running install_data
[1.276s] creating /home/shreyas/Desktop/Prograz/Ros2_WrkSpace/src/shreyas_5_0_chat_package/install/shreyas_5_0_chat_package/share/ament_index
[1.276s] creating /home/shreyas/Desktop/Prograz/Ros2_WrkSpace/src/shreyas_5_0_chat_package/install/shreyas_5_0_chat_package/share/ament_index/resource_index
[1.276s] creating /home/shreyas/Desktop/Prograz/Ros2_WrkSpace/src/shreyas_5_0_chat_package/install/shreyas_5_0_chat_package/share/ament_index/resource_index/packages
[1.276s] copying resource/shreyas_5_0_chat_package -> /home/shreyas/Desktop/Prograz/Ros2_WrkSpace/src/shreyas_5_0_chat_package/install/shreyas_5_0_chat_package/share/ament_index/resource_index/packages
[1.276s] copying package.xml -> /home/shreyas/Desktop/Prograz/Ros2_WrkSpace/src/shreyas_5_0_chat_package/install/shreyas_5_0_chat_package/share/shreyas_5_0_chat_package
[1.277s] running install_egg_info
[1.279s] Copying build/shreyas_5_0_chat_package/shreyas_5_0_chat_package.egg-info to /home/shreyas/Desktop/Prograz/Ros2_WrkSpace/src/shreyas_5_0_chat_package/install/shreyas_5_0_chat_package/lib/python3.10/site-packages/shreyas_5_0_chat_package-0.0.0-py3.10.egg-info
[1.280s] running install_scripts
[1.307s] Installing chat_publisher script to /home/shreyas/Desktop/Prograz/Ros2_WrkSpace/src/shreyas_5_0_chat_package/install/shreyas_5_0_chat_package/lib/shreyas_5_0_chat_package
[1.307s] Installing chat_subscriber script to /home/shreyas/Desktop/Prograz/Ros2_WrkSpace/src/shreyas_5_0_chat_package/install/shreyas_5_0_chat_package/lib/shreyas_5_0_chat_package
[1.307s] writing list of installed files to '/home/shreyas/Desktop/Prograz/Ros2_WrkSpace/src/shreyas_5_0_chat_package/build/shreyas_5_0_chat_package/install.log'
[1.375s] Invoked command in '/home/shreyas/Desktop/Prograz/Ros2_WrkSpace/src/shreyas_5_0_chat_package' returned '0': PYTHONPATH=/home/shreyas/Desktop/Prograz/Ros2_WrkSpace/src/shreyas_5_0_chat_package/build/shreyas_5_0_chat_package/prefix_override:/usr/lib/python3/dist-packages/colcon_core/task/python/colcon_distutils_commands:/home/shreyas/Desktop/Prograz/Ros2_WrkSpace/src/shreyas_5_0_chat_package/install/shreyas_5_0_chat_package/lib/python3.10/site-packages:${PYTHONPATH} /usr/bin/python3 -W ignore:setup.py install is deprecated -W ignore:easy_install command is deprecated setup.py egg_info --egg-base build/shreyas_5_0_chat_package build --build-base /home/shreyas/Desktop/Prograz/Ros2_WrkSpace/src/shreyas_5_0_chat_package/build/shreyas_5_0_chat_package/build install --record /home/shreyas/Desktop/Prograz/Ros2_WrkSpace/src/shreyas_5_0_chat_package/build/shreyas_5_0_chat_package/install.log --single-version-externally-managed install_data
