running egg_info
writing build/shreyas_5_0_chat_package/shreyas_5_0_chat_package.egg-info/PKG-INFO
writing dependency_links to build/shreyas_5_0_chat_package/shreyas_5_0_chat_package.egg-info/dependency_links.txt
writing entry points to build/shreyas_5_0_chat_package/shreyas_5_0_chat_package.egg-info/entry_points.txt
writing requirements to build/shreyas_5_0_chat_package/shreyas_5_0_chat_package.egg-info/requires.txt
writing top-level names to build/shreyas_5_0_chat_package/shreyas_5_0_chat_package.egg-info/top_level.txt
reading manifest file 'build/shreyas_5_0_chat_package/shreyas_5_0_chat_package.egg-info/SOURCES.txt'
writing manifest file 'build/shreyas_5_0_chat_package/shreyas_5_0_chat_package.egg-info/SOURCES.txt'
running build
running build_py
running install
running install_lib
running install_data
running install_egg_info
removing '/home/shreyas/Desktop/Prograz/Ros2_WrkSpace/src/shreyas_5_0_chat_package/install/shreyas_5_0_chat_package/lib/python3.10/site-packages/shreyas_5_0_chat_package-0.0.0-py3.10.egg-info' (and everything under it)
Copying build/shreyas_5_0_chat_package/shreyas_5_0_chat_package.egg-info to /home/shreyas/Desktop/Prograz/Ros2_WrkSpace/src/shreyas_5_0_chat_package/install/shreyas_5_0_chat_package/lib/python3.10/site-packages/shreyas_5_0_chat_package-0.0.0-py3.10.egg-info
running install_scripts
Installing chat_publisher script to /home/shreyas/Desktop/Prograz/Ros2_WrkSpace/src/shreyas_5_0_chat_package/install/shreyas_5_0_chat_package/lib/shreyas_5_0_chat_package
Installing chat_subscriber script to /home/shreyas/Desktop/Prograz/Ros2_WrkSpace/src/shreyas_5_0_chat_package/install/shreyas_5_0_chat_package/lib/shreyas_5_0_chat_package
writing list of installed files to '/home/shreyas/Desktop/Prograz/Ros2_WrkSpace/src/shreyas_5_0_chat_package/build/shreyas_5_0_chat_package/install.log'
