[0.929s] Invoking command in '/home/shreyas/Desktop/Prograz/Ros2_WrkSpace/src/shreyas_5_0_chat_package': PYTHONPATH=/home/shreyas/Desktop/Prograz/Ros2_WrkSpace/src/shreyas_5_0_chat_package/build/shreyas_5_0_chat_package/prefix_override:/usr/lib/python3/dist-packages/colcon_core/task/python/colcon_distutils_commands:/home/shreyas/Desktop/Prograz/Ros2_WrkSpace/src/shreyas_5_0_chat_package/install/shreyas_5_0_chat_package/lib/python3.10/site-packages:${PYTHONPATH} /usr/bin/python3 -W ignore:setup.py install is deprecated -W ignore:easy_install command is deprecated setup.py egg_info --egg-base build/shreyas_5_0_chat_package build --build-base /home/shreyas/Desktop/Prograz/Ros2_WrkSpace/src/shreyas_5_0_chat_package/build/shreyas_5_0_chat_package/build install --record /home/shreyas/Desktop/Prograz/Ros2_WrkSpace/src/shreyas_5_0_chat_package/build/shreyas_5_0_chat_package/install.log --single-version-externally-managed install_data
[1.245s] running egg_info
[1.246s] writing build/shreyas_5_0_chat_package/shreyas_5_0_chat_package.egg-info/PKG-INFO
[1.246s] writing dependency_links to build/shreyas_5_0_chat_package/shreyas_5_0_chat_package.egg-info/dependency_links.txt
[1.246s] writing entry points to build/shreyas_5_0_chat_package/shreyas_5_0_chat_package.egg-info/entry_points.txt
[1.246s] writing requirements to build/shreyas_5_0_chat_package/shreyas_5_0_chat_package.egg-info/requires.txt
[1.246s] writing top-level names to build/shreyas_5_0_chat_package/shreyas_5_0_chat_package.egg-info/top_level.txt
[1.249s] reading manifest file 'build/shreyas_5_0_chat_package/shreyas_5_0_chat_package.egg-info/SOURCES.txt'
[1.251s] writing manifest file 'build/shreyas_5_0_chat_package/shreyas_5_0_chat_package.egg-info/SOURCES.txt'
[1.251s] running build
[1.251s] running build_py
[1.252s] running install
[1.252s] running install_lib
[1.253s] running install_data
[1.254s] running install_egg_info
[1.256s] removing '/home/shreyas/Desktop/Prograz/Ros2_WrkSpace/src/shreyas_5_0_chat_package/install/shreyas_5_0_chat_package/lib/python3.10/site-packages/shreyas_5_0_chat_package-0.0.0-py3.10.egg-info' (and everything under it)
[1.257s] Copying build/shreyas_5_0_chat_package/shreyas_5_0_chat_package.egg-info to /home/shreyas/Desktop/Prograz/Ros2_WrkSpace/src/shreyas_5_0_chat_package/install/shreyas_5_0_chat_package/lib/python3.10/site-packages/shreyas_5_0_chat_package-0.0.0-py3.10.egg-info
[1.258s] running install_scripts
[1.283s] Installing chat_publisher script to /home/shreyas/Desktop/Prograz/Ros2_WrkSpace/src/shreyas_5_0_chat_package/install/shreyas_5_0_chat_package/lib/shreyas_5_0_chat_package
[1.283s] Installing chat_subscriber script to /home/shreyas/Desktop/Prograz/Ros2_WrkSpace/src/shreyas_5_0_chat_package/install/shreyas_5_0_chat_package/lib/shreyas_5_0_chat_package
[1.283s] writing list of installed files to '/home/shreyas/Desktop/Prograz/Ros2_WrkSpace/src/shreyas_5_0_chat_package/build/shreyas_5_0_chat_package/install.log'
[1.345s] Invoked command in '/home/shreyas/Desktop/Prograz/Ros2_WrkSpace/src/shreyas_5_0_chat_package' returned '0': PYTHONPATH=/home/shreyas/Desktop/Prograz/Ros2_WrkSpace/src/shreyas_5_0_chat_package/build/shreyas_5_0_chat_package/prefix_override:/usr/lib/python3/dist-packages/colcon_core/task/python/colcon_distutils_commands:/home/shreyas/Desktop/Prograz/Ros2_WrkSpace/src/shreyas_5_0_chat_package/install/shreyas_5_0_chat_package/lib/python3.10/site-packages:${PYTHONPATH} /usr/bin/python3 -W ignore:setup.py install is deprecated -W ignore:easy_install command is deprecated setup.py egg_info --egg-base build/shreyas_5_0_chat_package build --build-base /home/shreyas/Desktop/Prograz/Ros2_WrkSpace/src/shreyas_5_0_chat_package/build/shreyas_5_0_chat_package/build install --record /home/shreyas/Desktop/Prograz/Ros2_WrkSpace/src/shreyas_5_0_chat_package/build/shreyas_5_0_chat_package/install.log --single-version-externally-managed install_data
